# JRE version: OpenJDK Runtime Environment Temurin-17.0.11+9 (17.0.11+9) (build 17.0.11+9)
# Java VM: OpenJDK 64-Bit Server VM Temurin-17.0.11+9 (17.0.11+9, mixed mode, emulated-client, tiered, compressed oops, compressed class ptrs, g1 gc, windows-amd64)
GC Precious Log:
 CPUs: 12 total, 12 available
 Memory: 16235M
 Large Page Support: Disabled
 NUMA Support: Disabled
 Compressed Oops: Enabled (32-bit)
 Heap Region Size: 1M
 Heap Min Capacity: 8M
 Heap Initial Capacity: 254M
 Heap Max Capacity: 1G
 Pre-touch: Disabled
 Parallel Workers: 10
 Concurrent Workers: 3
 Concurrent Refinement Workers: 10
 Periodic GC: Disabled
Heap:
 garbage-first heap   total 130048K, used 37847K [0x00000000c0000000, 0x0000000100000000)
  region size 1024K, 1 young (1024K), 0 survivors (0K)
 Metaspace       used 61408K, committed 62464K, reserved 1114112K
  class space    used 7671K, committed 8064K, reserved 1048576K
GC Heap History (20 events):
Event: 540.142 GC heap before
{Heap before GC invocations=30 (full 15):
 garbage-first heap   total 130048K, used 37846K [0x00000000c0000000, 0x0000000100000000)
  region size 1024K, 1 young (1024K), 0 survivors (0K)
 Metaspace       used 61408K, committed 62464K, reserved 1114112K
  class space    used 7671K, committed 8064K, reserved 1048576K
}
Event: 540.169 GC heap after
{Heap after GC invocations=31 (full 16):
 garbage-first heap   total 130048K, used 37845K [0x00000000c0000000, 0x0000000100000000)
  region size 1024K, 0 young (0K), 0 survivors (0K)
 Metaspace       used 61408K, committed 62464K, reserved 1114112K
  class space    used 7671K, committed 8064K, reserved 1048576K
}
Event: 580.661 GC heap before
{Heap before GC invocations=31 (full 16):
 garbage-first heap   total 130048K, used 37845K [0x00000000c0000000, 0x0000000100000000)
  region size 1024K, 1 young (1024K), 0 survivors (0K)
 Metaspace       used 61408K, committed 62464K, reserved 1114112K
  class space    used 7671K, committed 8064K, reserved 1048576K
}
Event: 580.703 GC heap after
{Heap after GC invocations=32 (full 17):
 garbage-first heap   total 130048K, used 37846K [0x00000000c0000000, 0x0000000100000000)
  region size 1024K, 0 young (0K), 0 survivors (0K)
 Metaspace       used 61408K, committed 62464K, reserved 1114112K
  class space    used 7671K, committed 8064K, reserved 1048576K
}
Event: 590.999 GC heap before
{Heap before GC invocations=32 (full 17):
 garbage-first heap   total 130048K, used 37846K [0x00000000c0000000, 0x0000000100000000)
  region size 1024K, 1 young (1024K), 0 survivors (0K)
 Metaspace       used 61408K, committed 62464K, reserved 1114112K
  class space    used 7671K, committed 8064K, reserved 1048576K
}
Event: 591.036 GC heap after
{Heap after GC invocations=33 (full 18):
 garbage-first heap   total 130048K, used 37846K [0x00000000c0000000, 0x0000000100000000)
  region size 1024K, 0 young (0K), 0 survivors (0K)
 Metaspace       used 61408K, committed 62464K, reserved 1114112K
  class space    used 7671K, committed 8064K, reserved 1048576K
}
Event: 602.151 GC heap before
{Heap before GC invocations=33 (full 18):
 garbage-first heap   total 130048K, used 37846K [0x00000000c0000000, 0x0000000100000000)
  region size 1024K, 1 young (1024K), 0 survivors (0K)
 Metaspace       used 61408K, committed 62464K, reserved 1114112K
  class space    used 7671K, committed 8064K, reserved 1048576K
}
Event: 602.237 GC heap after
{Heap after GC invocations=34 (full 19):
 garbage-first heap   total 130048K, used 37846K [0x00000000c0000000, 0x0000000100000000)
  region size 1024K, 0 young (0K), 0 survivors (0K)
 Metaspace       used 61408K, committed 62464K, reserved 1114112K
  class space    used 7671K, committed 8064K, reserved 1048576K
}
Event: 612.819 GC heap before
{Heap before GC invocations=34 (full 19):
 garbage-first heap   total 130048K, used 37846K [0x00000000c0000000, 0x0000000100000000)
  region size 1024K, 1 young (1024K), 0 survivors (0K)
 Metaspace       used 61408K, committed 62464K, reserved 1114112K
  class space    used 7671K, committed 8064K, reserved 1048576K
}
Event: 612.904 GC heap after
{Heap after GC invocations=35 (full 20):
 garbage-first heap   total 130048K, used 37845K [0x00000000c0000000, 0x0000000100000000)
  region size 1024K, 0 young (0K), 0 survivors (0K)
 Metaspace       used 61408K, committed 62464K, reserved 1114112K
  class space    used 7671K, committed 8064K, reserved 1048576K
}
Event: 623.950 GC heap before
{Heap before GC invocations=35 (full 20):
 garbage-first heap   total 130048K, used 37845K [0x00000000c0000000, 0x0000000100000000)
  region size 1024K, 1 young (1024K), 0 survivors (0K)
 Metaspace       used 61408K, committed 62464K, reserved 1114112K
  class space    used 7671K, committed 8064K, reserved 1048576K
}
Event: 623.997 GC heap after
{Heap after GC invocations=36 (full 21):
 garbage-first heap   total 130048K, used 37845K [0x00000000c0000000, 0x0000000100000000)
  region size 1024K, 0 young (0K), 0 survivors (0K)
 Metaspace       used 61408K, committed 62464K, reserved 1114112K
  class space    used 7671K, committed 8064K, reserved 1048576K
}
Event: 634.962 GC heap before
{Heap before GC invocations=36 (full 21):
 garbage-first heap   total 130048K, used 37845K [0x00000000c0000000, 0x0000000100000000)
  region size 1024K, 1 young (1024K), 0 survivors (0K)
 Metaspace       used 61418K, committed 62464K, reserved 1114112K
  class space    used 7672K, committed 8064K, reserved 1048576K
}
Event: 635.010 GC heap after
{Heap after GC invocations=37 (full 22):
 garbage-first heap   total 130048K, used 37859K [0x00000000c0000000, 0x0000000100000000)
  region size 1024K, 0 young (0K), 0 survivors (0K)
 Metaspace       used 61418K, committed 62464K, reserved 1114112K
  class space    used 7672K, committed 8064K, reserved 1048576K
}
Event: 700.443 GC heap before
{Heap before GC invocations=37 (full 22):
 garbage-first heap   total 130048K, used 37859K [0x00000000c0000000, 0x0000000100000000)
  region size 1024K, 1 young (1024K), 0 survivors (0K)
 Metaspace       used 61418K, committed 62464K, reserved 1114112K
  class space    used 7672K, committed 8064K, reserved 1048576K
}
Event: 700.581 GC heap after
{Heap after GC invocations=38 (full 23):
 garbage-first heap   total 130048K, used 37860K [0x00000000c0000000, 0x0000000100000000)
  region size 1024K, 0 young (0K), 0 survivors (0K)
 Metaspace       used 61418K, committed 62464K, reserved 1114112K
  class space    used 7672K, committed 8064K, reserved 1048576K
}
Event: 714.514 GC heap before
{Heap before GC invocations=38 (full 23):
 garbage-first heap   total 130048K, used 37860K [0x00000000c0000000, 0x0000000100000000)
  region size 1024K, 1 young (1024K), 0 survivors (0K)
 Metaspace       used 61418K, committed 62464K, reserved 1114112K
  class space    used 7672K, committed 8064K, reserved 1048576K
}
Event: 714.574 GC heap after
{Heap after GC invocations=39 (full 24):
 garbage-first heap   total 130048K, used 37860K [0x00000000c0000000, 0x0000000100000000)
  region size 1024K, 0 young (0K), 0 survivors (0K)
 Metaspace       used 61418K, committed 62464K, reserved 1114112K
  class space    used 7672K, committed 8064K, reserved 1048576K
}
Event: 726.691 GC heap before
{Heap before GC invocations=39 (full 24):
 garbage-first heap   total 130048K, used 37860K [0x00000000c0000000, 0x0000000100000000)
  region size 1024K, 1 young (1024K), 0 survivors (0K)
 Metaspace       used 61418K, committed 62464K, reserved 1114112K
  class space    used 7672K, committed 8064K, reserved 1048576K
}
Event: 727.631 GC heap after
{Heap after GC invocations=40 (full 25):
 garbage-first heap   total 130048K, used 37847K [0x00000000c0000000, 0x0000000100000000)
  region size 1024K, 0 young (0K), 0 survivors (0K)
 Metaspace       used 61408K, committed 62464K, reserved 1114112K
  class space    used 7671K, committed 8064K, reserved 1048576K
}

